<?xml version="1.0" encoding="UTF-8"?>
<testng-results skipped="0" failed="1" total="2" passed="1">
  <reporter-output>
  </reporter-output>
  <suite name="Default suite" duration-ms="78771" started-at="2021-10-30T03:37:41Z" finished-at="2021-10-30T03:39:00Z">
    <groups>
    </groups>
    <test name="Default test" duration-ms="78771" started-at="2021-10-30T03:37:41Z" finished-at="2021-10-30T03:39:00Z">
      <class name="assignments.Assignment_12.Assignment_12">
        <test-method status="PASS" signature="launchBrowser()[pri:0, instance:assignments.Assignment_12.Assignment_12@1810399e]" name="launchBrowser" is-config="true" duration-ms="68702" started-at="2021-10-30T09:07:41Z" finished-at="2021-10-30T09:08:50Z">
          <reporter-output>
          </reporter-output>
        </test-method> <!-- launchBrowser -->
        <test-method status="PASS" signature="uniqueOfficeLocation()[pri:0, instance:assignments.Assignment_12.Assignment_12@1810399e]" name="uniqueOfficeLocation" duration-ms="7488" started-at="2021-10-30T09:08:50Z" finished-at="2021-10-30T09:08:58Z">
          <reporter-output>
          </reporter-output>
        </test-method> <!-- uniqueOfficeLocation -->
        <test-method status="FAIL" signature="verifyPositionPerEmpCount()[pri:0, instance:assignments.Assignment_12.Assignment_12@1810399e]" name="verifyPositionPerEmpCount" duration-ms="1653" started-at="2021-10-30T09:08:58Z" finished-at="2021-10-30T09:08:59Z">
          <exception class="java.lang.AssertionError">
            <message>
              <![CDATA[The following asserts failed:
	Invalid Employee count for Office Manager position expected [3] but found [1],
	Invalid Employee count for Marketing Designer position expected [2] but found [1],
	Invalid Employee count for Software Engineer position expected [6] but found [2]]]>
            </message>
            <full-stacktrace>
              <![CDATA[java.lang.AssertionError: The following asserts failed:
	Invalid Employee count for Office Manager position expected [3] but found [1],
	Invalid Employee count for Marketing Designer position expected [2] but found [1],
	Invalid Employee count for Software Engineer position expected [6] but found [2]
	at org.testng.asserts.SoftAssert.assertAll(SoftAssert.java:43)
	at assignments.Assignment_12.Assignment_12.verifyPositionPerEmpCount(Assignment_12.java:382)
	at sun.reflect.NativeMethodAccessorImpl.invoke0(Native Method)
	at sun.reflect.NativeMethodAccessorImpl.invoke(NativeMethodAccessorImpl.java:62)
	at sun.reflect.DelegatingMethodAccessorImpl.invoke(DelegatingMethodAccessorImpl.java:43)
	at java.lang.reflect.Method.invoke(Method.java:498)
	at org.testng.internal.MethodInvocationHelper.invokeMethod(MethodInvocationHelper.java:100)
	at org.testng.internal.Invoker.invokeMethod(Invoker.java:646)
	at org.testng.internal.Invoker.invokeTestMethod(Invoker.java:811)
	at org.testng.internal.Invoker.invokeTestMethods(Invoker.java:1137)
	at org.testng.internal.TestMethodWorker.invokeTestMethods(TestMethodWorker.java:129)
	at org.testng.internal.TestMethodWorker.run(TestMethodWorker.java:112)
	at org.testng.TestRunner.privateRun(TestRunner.java:753)
	at org.testng.TestRunner.run(TestRunner.java:607)
	at org.testng.SuiteRunner.runTest(SuiteRunner.java:368)
	at org.testng.SuiteRunner.runSequentially(SuiteRunner.java:363)
	at org.testng.SuiteRunner.privateRun(SuiteRunner.java:321)
	at org.testng.SuiteRunner.run(SuiteRunner.java:270)
	at org.testng.SuiteRunnerWorker.runSuite(SuiteRunnerWorker.java:52)
	at org.testng.SuiteRunnerWorker.run(SuiteRunnerWorker.java:86)
	at org.testng.TestNG.runSuitesSequentially(TestNG.java:1284)
	at org.testng.TestNG.runSuitesLocally(TestNG.java:1209)
	at org.testng.TestNG.runSuites(TestNG.java:1124)
	at org.testng.TestNG.run(TestNG.java:1096)
	at org.testng.remote.AbstractRemoteTestNG.run(AbstractRemoteTestNG.java:132)
	at org.testng.remote.RemoteTestNG.initAndRun(RemoteTestNG.java:236)
	at org.testng.remote.RemoteTestNG.main(RemoteTestNG.java:81)
]]>
            </full-stacktrace>
          </exception> <!-- java.lang.AssertionError -->
          <reporter-output>
          </reporter-output>
        </test-method> <!-- verifyPositionPerEmpCount -->
        <test-method status="PASS" signature="releaseResources()[pri:0, instance:assignments.Assignment_12.Assignment_12@1810399e]" name="releaseResources" is-config="true" duration-ms="763" started-at="2021-10-30T09:08:59Z" finished-at="2021-10-30T09:09:00Z">
          <reporter-output>
          </reporter-output>
        </test-method> <!-- releaseResources -->
      </class> <!-- assignments.Assignment_12.Assignment_12 -->
    </test> <!-- Default test -->
  </suite> <!-- Default suite -->
</testng-results>
